2022-05-04 10:37:33.755  INFO 19936 --- [restartedMain] ewa.example.demo.DemoApplication         : Starting DemoApplication using Java 1.8.0_291 on DESKTOP-RSTROBF with PID 19936 (E:\studia\3_semestr_mgr\ISI\lab3\demo\target\classes started by ewus9 in E:\studia\3_semestr_mgr\ISI\lab3)
2022-05-04 10:37:33.757  INFO 19936 --- [restartedMain] ewa.example.demo.DemoApplication         : No active profile set, falling back to default profiles: default
2022-05-04 10:37:33.803  INFO 19936 --- [restartedMain] .e.DevToolsPropertyDefaultsPostProcessor : Devtools property defaults active! Set 'spring.devtools.add-properties' to 'false' to disable
2022-05-04 10:37:33.803  INFO 19936 --- [restartedMain] .e.DevToolsPropertyDefaultsPostProcessor : For additional web related logging consider setting the 'logging.level.web' property to 'DEBUG'
2022-05-04 10:37:34.284  INFO 19936 --- [restartedMain] .s.d.r.c.RepositoryConfigurationDelegate : Bootstrapping Spring Data JPA repositories in DEFAULT mode.
2022-05-04 10:37:34.323  INFO 19936 --- [restartedMain] .s.d.r.c.RepositoryConfigurationDelegate : Finished Spring Data repository scanning in 33 ms. Found 1 JPA repository interfaces.
2022-05-04 10:37:34.803  INFO 19936 --- [restartedMain] o.s.b.w.embedded.tomcat.TomcatWebServer  : Tomcat initialized with port(s): 8080 (http)
2022-05-04 10:37:34.809  INFO 19936 --- [restartedMain] o.apache.catalina.core.StandardService   : Starting service [Tomcat]
2022-05-04 10:37:34.810  INFO 19936 --- [restartedMain] org.apache.catalina.core.StandardEngine  : Starting Servlet engine: [Apache Tomcat/9.0.45]
2022-05-04 10:37:34.879  INFO 19936 --- [restartedMain] o.a.c.c.C.[Tomcat].[localhost].[/]       : Initializing Spring embedded WebApplicationContext
2022-05-04 10:37:34.879  INFO 19936 --- [restartedMain] w.s.c.ServletWebServerApplicationContext : Root WebApplicationContext: initialization completed in 1073 ms
2022-05-04 10:37:35.060  INFO 19936 --- [restartedMain] o.hibernate.jpa.internal.util.LogHelper  : HHH000204: Processing PersistenceUnitInfo [name: default]
2022-05-04 10:37:35.088  INFO 19936 --- [restartedMain] org.hibernate.Version                    : HHH000412: Hibernate ORM core version 5.4.30.Final
2022-05-04 10:37:35.160  INFO 19936 --- [restartedMain] o.hibernate.annotations.common.Version   : HCANN000001: Hibernate Commons Annotations {5.1.2.Final}
2022-05-04 10:37:35.287  INFO 19936 --- [restartedMain] com.zaxxer.hikari.HikariDataSource       : HikariPool-1 - Starting...
2022-05-04 10:37:35.751  INFO 19936 --- [restartedMain] com.zaxxer.hikari.HikariDataSource       : HikariPool-1 - Start completed.
2022-05-04 10:37:35.766  INFO 19936 --- [restartedMain] org.hibernate.dialect.Dialect            : HHH000400: Using dialect: org.hibernate.dialect.PostgreSQL10Dialect
2022-05-04 10:37:36.180  INFO 19936 --- [restartedMain] o.h.e.t.j.p.i.JtaPlatformInitiator       : HHH000490: Using JtaPlatform implementation: [org.hibernate.engine.transaction.jta.platform.internal.NoJtaPlatform]
2022-05-04 10:37:36.186  INFO 19936 --- [restartedMain] j.LocalContainerEntityManagerFactoryBean : Initialized JPA EntityManagerFactory for persistence unit 'default'
2022-05-04 10:37:36.224  INFO 19936 --- [restartedMain] o.s.b.d.a.OptionalLiveReloadServer       : LiveReload server is running on port 35729
2022-05-04 10:37:36.463  WARN 19936 --- [restartedMain] JpaBaseConfiguration$JpaWebConfiguration : spring.jpa.open-in-view is enabled by default. Therefore, database queries may be performed during view rendering. Explicitly configure spring.jpa.open-in-view to disable this warning
2022-05-04 10:37:36.792  INFO 19936 --- [restartedMain] o.s.s.concurrent.ThreadPoolTaskExecutor  : Initializing ExecutorService 'applicationTaskExecutor'
2022-05-04 10:37:37.402  INFO 19936 --- [restartedMain] o.s.b.w.embedded.tomcat.TomcatWebServer  : Tomcat started on port(s): 8080 (http) with context path ''
2022-05-04 10:37:37.411  INFO 19936 --- [restartedMain] ewa.example.demo.DemoApplication         : Started DemoApplication in 4.08 seconds (JVM running for 4.994)
2022-05-04 10:37:51.958  INFO 27700 --- [restartedMain] ewa.example.demo.DemoApplication         : Starting DemoApplication using Java 1.8.0_291 on DESKTOP-RSTROBF with PID 27700 (E:\studia\3_semestr_mgr\ISI\lab3\demo\target\classes started by ewus9 in E:\studia\3_semestr_mgr\ISI\lab3)
2022-05-04 10:37:51.961  INFO 27700 --- [restartedMain] ewa.example.demo.DemoApplication         : No active profile set, falling back to default profiles: default
2022-05-04 10:37:52.017  INFO 27700 --- [restartedMain] .e.DevToolsPropertyDefaultsPostProcessor : Devtools property defaults active! Set 'spring.devtools.add-properties' to 'false' to disable
2022-05-04 10:37:52.017  INFO 27700 --- [restartedMain] .e.DevToolsPropertyDefaultsPostProcessor : For additional web related logging consider setting the 'logging.level.web' property to 'DEBUG'
2022-05-04 10:37:52.547  INFO 27700 --- [restartedMain] .s.d.r.c.RepositoryConfigurationDelegate : Bootstrapping Spring Data JPA repositories in DEFAULT mode.
2022-05-04 10:37:52.586  INFO 27700 --- [restartedMain] .s.d.r.c.RepositoryConfigurationDelegate : Finished Spring Data repository scanning in 33 ms. Found 1 JPA repository interfaces.
2022-05-04 10:37:53.086  INFO 27700 --- [restartedMain] o.s.b.w.embedded.tomcat.TomcatWebServer  : Tomcat initialized with port(s): 8080 (http)
2022-05-04 10:37:53.092  INFO 27700 --- [restartedMain] o.apache.catalina.core.StandardService   : Starting service [Tomcat]
2022-05-04 10:37:53.093  INFO 27700 --- [restartedMain] org.apache.catalina.core.StandardEngine  : Starting Servlet engine: [Apache Tomcat/9.0.45]
2022-05-04 10:37:53.156  INFO 27700 --- [restartedMain] o.a.c.c.C.[Tomcat].[localhost].[/]       : Initializing Spring embedded WebApplicationContext
2022-05-04 10:37:53.156  INFO 27700 --- [restartedMain] w.s.c.ServletWebServerApplicationContext : Root WebApplicationContext: initialization completed in 1137 ms
2022-05-04 10:37:53.325  INFO 27700 --- [restartedMain] o.hibernate.jpa.internal.util.LogHelper  : HHH000204: Processing PersistenceUnitInfo [name: default]
2022-05-04 10:37:53.355  INFO 27700 --- [restartedMain] org.hibernate.Version                    : HHH000412: Hibernate ORM core version 5.4.30.Final
2022-05-04 10:37:53.436  INFO 27700 --- [restartedMain] o.hibernate.annotations.common.Version   : HCANN000001: Hibernate Commons Annotations {5.1.2.Final}
2022-05-04 10:37:53.559  INFO 27700 --- [restartedMain] com.zaxxer.hikari.HikariDataSource       : HikariPool-1 - Starting...
2022-05-04 10:37:54.033  INFO 27700 --- [restartedMain] com.zaxxer.hikari.HikariDataSource       : HikariPool-1 - Start completed.
2022-05-04 10:37:54.048  INFO 27700 --- [restartedMain] org.hibernate.dialect.Dialect            : HHH000400: Using dialect: org.hibernate.dialect.PostgreSQL10Dialect
2022-05-04 10:37:54.461  INFO 27700 --- [restartedMain] o.h.e.t.j.p.i.JtaPlatformInitiator       : HHH000490: Using JtaPlatform implementation: [org.hibernate.engine.transaction.jta.platform.internal.NoJtaPlatform]
2022-05-04 10:37:54.469  INFO 27700 --- [restartedMain] j.LocalContainerEntityManagerFactoryBean : Initialized JPA EntityManagerFactory for persistence unit 'default'
2022-05-04 10:37:54.509  INFO 27700 --- [restartedMain] o.s.b.d.a.OptionalLiveReloadServer       : LiveReload server is running on port 35729
2022-05-04 10:37:54.745  WARN 27700 --- [restartedMain] JpaBaseConfiguration$JpaWebConfiguration : spring.jpa.open-in-view is enabled by default. Therefore, database queries may be performed during view rendering. Explicitly configure spring.jpa.open-in-view to disable this warning
2022-05-04 10:37:55.057  INFO 27700 --- [restartedMain] o.s.s.concurrent.ThreadPoolTaskExecutor  : Initializing ExecutorService 'applicationTaskExecutor'
2022-05-04 10:37:55.441  INFO 27700 --- [restartedMain] o.s.b.w.embedded.tomcat.TomcatWebServer  : Tomcat started on port(s): 8080 (http) with context path ''
2022-05-04 10:37:55.449  INFO 27700 --- [restartedMain] ewa.example.demo.DemoApplication         : Started DemoApplication in 4.203 seconds (JVM running for 5.395)
